2023-29-03 20:29:35.594 [main] ERROR Main - [ERROR] Couldn't locate given folder: /Users/qrx53/Library/Application Support/MobileSync.
2023-29-03 20:29:35.663 [main] ERROR Main - [ERROR] Couldn't locate given folder: /Users/qrx53/Library/Application Support/CallHistoryTransactions.
2023-29-03 20:29:35.761 [main] ERROR Main - [ERROR] Couldn't locate given folder: /Users/qrx53/Library/Application Support/CloudDocs/session/db.
2023-29-03 20:29:35.776 [main] ERROR Main - [ERROR] Couldn't locate given folder: /Users/qrx53/Library/Application Support/com.apple.sharedfilelist.
2023-29-03 20:29:35.778 [main] ERROR Main - [ERROR] Couldn't locate given folder: /Users/qrx53/Library/Application Support/Knowledge.
2023-29-03 20:29:35.781 [main] ERROR Main - [ERROR] Couldn't locate given folder: /Users/qrx53/Library/Application Support/com.apple.TCC.
2023-29-03 20:29:35.783 [main] ERROR Main - [ERROR] Couldn't locate given folder: /Users/qrx53/Library/Application Support/FileProvider.
2023-29-03 20:29:35.788 [main] ERROR Main - [ERROR] Couldn't locate given folder: /Users/qrx53/Library/Application Support/FaceTime.
2023-29-03 20:29:35.828 [main] ERROR Main - [ERROR] Couldn't locate given folder: /Users/qrx53/Library/Application Support/com.apple.avfoundation/Frecents.
2023-29-03 20:29:35.987 [main] ERROR Main - [ERROR] Couldn't locate given folder: /Users/qrx53/Library/Application Support/CallHistoryDB.
2023-29-03 20:29:35.995 [main] ERROR Main - [ERROR] Couldn't locate given folder: /Users/qrx53/Library/Assistant/SiriVocabulary.
2023-29-03 20:29:35.997 [main] ERROR Main - [ERROR] Couldn't locate given folder: /Users/qrx53/Library/Daemon Containers.
2023-29-03 20:29:35.999 [main] ERROR Main - [ERROR] Couldn't locate given folder: /Users/qrx53/Library/Autosave Information.
2023-29-03 20:29:36.000 [main] ERROR Main - [ERROR] Couldn't locate given folder: /Users/qrx53/Library/Saved Application State/com.apple.Safari.savedState.
2023-29-03 20:29:36.002 [main] ERROR Main - [ERROR] Couldn't locate given folder: /Users/qrx53/Library/Saved Application State/com.easeus.datarecoverywizard.savedState.
2023-29-03 20:29:36.002 [main] ERROR Main - [ERROR] Couldn't locate given folder: /Users/qrx53/Library/IdentityServices.
2023-29-03 20:29:36.010 [main] ERROR Main - [ERROR] Couldn't locate given folder: /Users/qrx53/Library/WebKit/com.iBoysoft.iBoysoft-Data-Recovery/WebsiteData/DeviceIdHashSalts/1.
2023-34-03 20:34:33.060 [main] ERROR Main - Input length = 1
2023-34-03 20:34:33.064 [main] ERROR Main - Input length = 1
2023-34-03 20:34:33.068 [main] ERROR Main - Input length = 1
2023-34-03 20:34:33.069 [main] ERROR Main - Input length = 1
2023-34-03 20:34:33.070 [main] ERROR Main - Input length = 1
2023-34-03 20:34:33.070 [main] ERROR Main - Input length = 1
2023-34-03 20:34:33.071 [main] ERROR Main - Input length = 1
2023-34-03 20:34:33.072 [main] ERROR Main - Input length = 1
2023-34-03 20:34:33.073 [main] ERROR Main - Input length = 1
2023-34-03 20:34:33.073 [main] ERROR Main - Input length = 1
2023-34-03 20:34:33.073 [main] ERROR Main - Input length = 1
2023-34-03 20:34:33.074 [main] ERROR Main - Input length = 1
2023-34-03 20:34:33.074 [main] ERROR Main - Input length = 1
2023-34-03 20:34:33.075 [main] ERROR Main - Input length = 1
2023-34-03 20:34:33.075 [main] ERROR Main - Input length = 1
2023-34-03 20:34:33.075 [main] ERROR Main - Input length = 1
2023-34-03 20:34:33.075 [main] ERROR Main - Input length = 1
2023-34-03 20:34:33.075 [main] ERROR Main - Input length = 1
2023-34-03 20:34:33.076 [main] ERROR Main - Input length = 1
2023-34-03 20:34:33.076 [main] ERROR Main - Input length = 1
2023-34-03 20:34:33.076 [main] ERROR Main - Input length = 1
2023-34-03 20:34:33.076 [main] ERROR Main - Input length = 1
2023-34-03 20:34:33.077 [main] ERROR Main - Input length = 1
2023-34-03 20:34:33.077 [main] ERROR Main - Input length = 1
2023-34-03 20:34:33.077 [main] ERROR Main - Input length = 1
2023-34-03 20:34:33.078 [main] ERROR Main - Input length = 1
2023-34-03 20:34:33.078 [main] ERROR Main - Input length = 1
2023-34-03 20:34:33.078 [main] ERROR Main - Input length = 1
2023-34-03 20:34:33.078 [main] ERROR Main - Input length = 1
2023-34-03 20:34:33.078 [main] ERROR Main - Input length = 1
2023-34-03 20:34:33.079 [main] ERROR Main - Input length = 1
2023-34-03 20:34:33.080 [main] ERROR Main - Input length = 1
2023-34-03 20:34:33.080 [main] ERROR Main - Input length = 1
2023-34-03 20:34:33.080 [main] ERROR Main - Input length = 1
2023-34-03 20:34:33.080 [main] ERROR Main - Input length = 1
2023-34-03 20:34:33.080 [main] ERROR Main - Input length = 1
2023-34-03 20:34:33.081 [main] ERROR Main - Input length = 1
2023-34-03 20:34:33.081 [main] ERROR Main - Input length = 1
2023-34-03 20:34:33.081 [main] ERROR Main - Input length = 1
2023-34-03 20:34:33.081 [main] ERROR Main - Input length = 1
2023-34-03 20:34:33.081 [main] ERROR Main - Input length = 1
2023-34-03 20:34:33.082 [main] ERROR Main - Input length = 1
2023-34-03 20:34:33.083 [main] ERROR Main - Input length = 1
2023-34-03 20:34:33.083 [main] ERROR Main - Input length = 1
2023-34-03 20:34:33.084 [main] ERROR Main - Input length = 1
2023-34-03 20:34:33.084 [main] ERROR Main - Input length = 1
2023-34-03 20:34:33.084 [main] ERROR Main - Input length = 1
2023-34-03 20:34:33.084 [main] ERROR Main - Input length = 1
2023-34-03 20:34:33.084 [main] ERROR Main - Input length = 1
2023-34-03 20:34:33.085 [main] ERROR Main - Input length = 1
2023-34-03 20:34:33.085 [main] ERROR Main - Input length = 1
2023-34-03 20:34:33.085 [main] ERROR Main - Input length = 1
2023-34-03 20:34:33.086 [main] ERROR Main - Input length = 1
2023-34-03 20:34:33.086 [main] ERROR Main - Input length = 1
2023-34-03 20:34:33.086 [main] ERROR Main - Input length = 1
2023-34-03 20:34:33.086 [main] ERROR Main - Input length = 1
2023-34-03 20:34:33.086 [main] ERROR Main - Input length = 1
2023-34-03 20:34:33.086 [main] ERROR Main - Input length = 1
2023-34-03 20:34:33.086 [main] ERROR Main - Input length = 1
2023-34-03 20:34:33.087 [main] ERROR Main - Input length = 1
2023-34-03 20:34:33.087 [main] ERROR Main - Input length = 1
2023-34-03 20:34:33.087 [main] ERROR Main - Input length = 1
2023-34-03 20:34:33.088 [main] ERROR Main - Input length = 1
2023-34-03 20:34:33.088 [main] ERROR Main - Input length = 1
2023-34-03 20:34:33.089 [main] ERROR Main - Input length = 1
2023-34-03 20:34:33.090 [main] ERROR Main - Input length = 1
2023-34-03 20:34:33.091 [main] ERROR Main - Input length = 1
2023-34-03 20:34:33.091 [main] ERROR Main - Input length = 1
2023-34-03 20:34:33.091 [main] ERROR Main - Input length = 1
2023-34-03 20:34:33.091 [main] ERROR Main - Input length = 1
2023-34-03 20:34:33.092 [main] ERROR Main - Input length = 1
2023-34-03 20:34:33.092 [main] ERROR Main - Input length = 1
2023-34-03 20:34:33.092 [main] ERROR Main - Input length = 1
2023-34-03 20:34:33.092 [main] ERROR Main - Input length = 1
2023-34-03 20:34:33.092 [main] ERROR Main - Input length = 1
2023-34-03 20:34:33.092 [main] ERROR Main - Input length = 1
2023-34-03 20:34:33.093 [main] ERROR Main - Input length = 1
2023-34-03 20:34:33.093 [main] ERROR Main - Input length = 1
2023-34-03 20:34:33.094 [main] ERROR Main - Input length = 1
2023-34-03 20:34:33.094 [main] ERROR Main - Input length = 1
2023-34-03 20:34:33.094 [main] ERROR Main - Input length = 1
2023-34-03 20:34:33.094 [main] ERROR Main - Input length = 1
2023-34-03 20:34:33.094 [main] ERROR Main - Input length = 1
2023-34-03 20:34:33.095 [main] ERROR Main - Input length = 1
2023-34-03 20:34:33.095 [main] ERROR Main - Input length = 1
2023-34-03 20:34:33.095 [main] ERROR Main - Input length = 1
2023-34-03 20:34:33.095 [main] ERROR Main - Input length = 1
2023-34-03 20:34:33.096 [main] ERROR Main - Input length = 1
2023-34-03 20:34:33.096 [main] ERROR Main - Input length = 1
2023-34-03 20:34:33.097 [main] ERROR Main - Input length = 1
2023-34-03 20:34:33.097 [main] ERROR Main - Input length = 1
2023-34-03 20:34:33.098 [main] ERROR Main - Input length = 1
2023-34-03 20:34:33.098 [main] ERROR Main - Input length = 1
2023-34-03 20:34:33.098 [main] ERROR Main - Input length = 1
2023-34-03 20:34:33.099 [main] ERROR Main - Input length = 1
2023-34-03 20:34:33.099 [main] ERROR Main - Input length = 1
2023-34-03 20:34:33.100 [main] ERROR Main - Input length = 1
2023-34-03 20:34:33.100 [main] ERROR Main - Input length = 1
2023-34-03 20:34:33.100 [main] ERROR Main - Input length = 1
2023-34-03 20:34:33.100 [main] ERROR Main - Input length = 1
2023-34-03 20:34:33.101 [main] ERROR Main - Input length = 1
2023-34-03 20:34:33.101 [main] ERROR Main - Input length = 1
2023-34-03 20:34:33.101 [main] ERROR Main - Input length = 1
2023-34-03 20:34:33.101 [main] ERROR Main - Input length = 1
2023-34-03 20:34:33.102 [main] ERROR Main - Input length = 1
2023-34-03 20:34:33.102 [main] ERROR Main - Input length = 1
2023-34-03 20:34:33.102 [main] ERROR Main - Input length = 1
2023-34-03 20:34:33.102 [main] ERROR Main - Input length = 1
2023-34-03 20:34:33.103 [main] ERROR Main - Input length = 1
2023-34-03 20:34:33.103 [main] ERROR Main - Input length = 1
2023-34-03 20:34:33.103 [main] ERROR Main - Input length = 1
2023-34-03 20:34:33.103 [main] ERROR Main - Input length = 1
2023-34-03 20:34:33.103 [main] ERROR Main - Input length = 1
2023-34-03 20:34:33.104 [main] ERROR Main - Input length = 1
2023-34-03 20:34:33.104 [main] ERROR Main - Input length = 1
2023-34-03 20:34:33.104 [main] ERROR Main - Input length = 1
2023-34-03 20:34:33.104 [main] ERROR Main - Input length = 1
2023-34-03 20:34:33.105 [main] ERROR Main - Input length = 1
2023-34-03 20:34:33.105 [main] ERROR Main - Input length = 1
2023-34-03 20:34:33.106 [main] ERROR Main - Input length = 1
2023-34-03 20:34:33.107 [main] ERROR Main - Input length = 1
2023-34-03 20:34:33.107 [main] ERROR Main - Input length = 1
2023-34-03 20:34:33.107 [main] ERROR Main - Input length = 1
2023-34-03 20:34:33.108 [main] ERROR Main - Input length = 1
2023-34-03 20:34:33.108 [main] ERROR Main - Input length = 1
2023-34-03 20:34:33.108 [main] ERROR Main - Input length = 1
2023-34-03 20:34:33.109 [main] ERROR Main - Input length = 1
2023-34-03 20:34:33.109 [main] ERROR Main - Input length = 1
2023-34-03 20:34:33.109 [main] ERROR Main - Input length = 1
2023-34-03 20:34:33.110 [main] ERROR Main - Input length = 1
2023-34-03 20:34:33.110 [main] ERROR Main - Input length = 1
2023-34-03 20:34:33.110 [main] ERROR Main - Input length = 1
2023-34-03 20:34:33.110 [main] ERROR Main - Input length = 1
2023-34-03 20:34:33.110 [main] ERROR Main - Input length = 1
2023-34-03 20:34:33.110 [main] ERROR Main - Input length = 1
2023-34-03 20:34:33.110 [main] ERROR Main - Input length = 1
2023-34-03 20:34:33.111 [main] ERROR Main - Input length = 1
2023-34-03 20:34:33.111 [main] ERROR Main - Input length = 1
2023-34-03 20:34:33.112 [main] ERROR Main - Input length = 1
2023-34-03 20:34:33.112 [main] ERROR Main - Input length = 1
2023-34-03 20:34:33.112 [main] ERROR Main - Input length = 1
2023-34-03 20:34:33.113 [main] ERROR Main - Input length = 1
2023-34-03 20:34:33.113 [main] ERROR Main - Input length = 1
2023-34-03 20:34:33.113 [main] ERROR Main - Input length = 1
2023-34-03 20:34:33.113 [main] ERROR Main - Input length = 1
2023-34-03 20:34:33.113 [main] ERROR Main - Input length = 1
2023-34-03 20:34:33.113 [main] ERROR Main - Input length = 1
2023-34-03 20:34:33.113 [main] ERROR Main - Input length = 1
2023-34-03 20:34:33.114 [main] ERROR Main - Input length = 1
2023-34-03 20:34:33.114 [main] ERROR Main - Input length = 1
2023-34-03 20:34:33.114 [main] ERROR Main - Input length = 1
2023-34-03 20:34:33.114 [main] ERROR Main - Input length = 1
2023-34-03 20:34:33.114 [main] ERROR Main - Input length = 1
2023-34-03 20:34:33.114 [main] ERROR Main - Input length = 1
2023-34-03 20:34:33.114 [main] ERROR Main - Input length = 1
2023-34-03 20:34:33.115 [main] ERROR Main - Input length = 1
2023-34-03 20:34:33.115 [main] ERROR Main - Input length = 1
2023-34-03 20:34:33.116 [main] ERROR Main - Input length = 1
2023-34-03 20:34:33.116 [main] ERROR Main - Input length = 1
2023-34-03 20:34:33.117 [main] ERROR Main - Input length = 1
2023-34-03 20:34:33.117 [main] ERROR Main - Input length = 1
2023-34-03 20:34:33.117 [main] ERROR Main - Input length = 1
2023-34-03 20:34:33.117 [main] ERROR Main - Input length = 1
2023-34-03 20:34:33.118 [main] ERROR Main - Input length = 1
2023-34-03 20:34:33.118 [main] ERROR Main - Input length = 1
2023-34-03 20:34:33.118 [main] ERROR Main - Input length = 1
2023-34-03 20:34:33.119 [main] ERROR Main - Input length = 1
2023-34-03 20:34:33.121 [main] ERROR Main - Input length = 1
2023-34-03 20:34:33.261 [main] ERROR Main - Input length = 1
2023-34-03 20:34:33.265 [main] ERROR Main - Input length = 1
2023-34-03 20:34:33.293 [main] ERROR Main - Input length = 1
2023-34-03 20:34:33.295 [main] ERROR Main - Input length = 1
2023-34-03 20:34:33.296 [main] ERROR Main - Input length = 1
2023-34-03 20:34:33.297 [main] ERROR Main - Input length = 1
2023-34-03 20:34:33.298 [main] ERROR Main - Input length = 1
2023-34-03 20:34:33.298 [main] ERROR Main - Input length = 1
2023-34-03 20:34:33.298 [main] ERROR Main - Input length = 1
2023-34-03 20:34:33.298 [main] ERROR Main - Input length = 1
2023-34-03 20:34:33.298 [main] ERROR Main - Input length = 1
2023-34-03 20:34:33.299 [main] ERROR Main - Input length = 1
2023-34-03 20:34:33.299 [main] ERROR Main - Input length = 1
2023-34-03 20:34:33.299 [main] ERROR Main - Input length = 1
2023-34-03 20:34:33.300 [main] ERROR Main - Input length = 1
2023-34-03 20:34:33.300 [main] ERROR Main - Input length = 1
2023-34-03 20:34:33.301 [main] ERROR Main - Input length = 1
2023-34-03 20:34:33.301 [main] ERROR Main - Input length = 1
2023-34-03 20:34:33.301 [main] ERROR Main - Input length = 1
2023-34-03 20:34:33.301 [main] ERROR Main - Input length = 1
2023-34-03 20:34:33.302 [main] ERROR Main - Input length = 1
2023-34-03 20:34:33.302 [main] ERROR Main - Input length = 1
2023-34-03 20:34:33.302 [main] ERROR Main - Input length = 1
2023-34-03 20:34:33.302 [main] ERROR Main - Input length = 1
2023-34-03 20:34:33.302 [main] ERROR Main - Input length = 1
2023-34-03 20:34:33.302 [main] ERROR Main - Input length = 1
2023-34-03 20:34:33.302 [main] ERROR Main - Input length = 1
2023-34-03 20:34:33.303 [main] ERROR Main - Input length = 1
2023-34-03 20:34:33.303 [main] ERROR Main - Input length = 1
2023-34-03 20:34:33.303 [main] ERROR Main - Input length = 1
2023-34-03 20:34:33.303 [main] ERROR Main - Input length = 1
2023-34-03 20:34:33.303 [main] ERROR Main - Input length = 1
2023-34-03 20:34:33.304 [main] ERROR Main - Input length = 1
2023-34-03 20:34:33.304 [main] ERROR Main - Input length = 1
2023-34-03 20:34:33.304 [main] ERROR Main - Input length = 1
2023-34-03 20:34:33.305 [main] ERROR Main - Input length = 1
2023-34-03 20:34:33.305 [main] ERROR Main - Input length = 1
2023-34-03 20:34:33.305 [main] ERROR Main - Input length = 1
2023-34-03 20:34:33.305 [main] ERROR Main - Input length = 1
2023-34-03 20:34:33.305 [main] ERROR Main - Input length = 1
2023-34-03 20:34:33.305 [main] ERROR Main - Input length = 1
2023-34-03 20:34:33.306 [main] ERROR Main - Input length = 1
2023-34-03 20:34:33.306 [main] ERROR Main - Input length = 1
2023-34-03 20:34:33.306 [main] ERROR Main - Input length = 1
2023-34-03 20:34:33.307 [main] ERROR Main - Input length = 1
2023-34-03 20:34:33.307 [main] ERROR Main - Input length = 1
2023-34-03 20:34:33.307 [main] ERROR Main - Input length = 1
2023-34-03 20:34:33.308 [main] ERROR Main - Input length = 1
2023-34-03 20:34:33.308 [main] ERROR Main - Input length = 1
2023-34-03 20:34:33.308 [main] ERROR Main - Input length = 1
2023-34-03 20:34:33.308 [main] ERROR Main - Input length = 1
2023-34-03 20:34:33.309 [main] ERROR Main - Input length = 1
2023-34-03 20:34:33.309 [main] ERROR Main - Input length = 1
2023-34-03 20:34:33.309 [main] ERROR Main - Input length = 1
2023-34-03 20:34:33.309 [main] ERROR Main - Input length = 1
2023-34-03 20:34:33.309 [main] ERROR Main - Input length = 1
2023-34-03 20:34:33.309 [main] ERROR Main - Input length = 1
2023-34-03 20:34:33.309 [main] ERROR Main - Input length = 1
2023-34-03 20:34:33.309 [main] ERROR Main - Input length = 1
2023-34-03 20:34:33.309 [main] ERROR Main - Input length = 1
2023-34-03 20:34:33.310 [main] ERROR Main - Input length = 1
2023-34-03 20:34:33.310 [main] ERROR Main - Input length = 1
2023-34-03 20:34:33.310 [main] ERROR Main - Input length = 1
2023-34-03 20:34:33.310 [main] ERROR Main - Input length = 1
2023-34-03 20:34:33.311 [main] ERROR Main - Input length = 1
2023-34-03 20:34:33.311 [main] ERROR Main - Input length = 1
2023-34-03 20:34:33.311 [main] ERROR Main - Input length = 1
2023-34-03 20:34:33.311 [main] ERROR Main - Input length = 1
2023-34-03 20:34:33.311 [main] ERROR Main - Input length = 1
2023-34-03 20:34:33.311 [main] ERROR Main - Input length = 1
2023-34-03 20:34:33.313 [main] ERROR Main - Input length = 1
2023-34-03 20:34:33.315 [main] ERROR Main - Input length = 1
2023-34-03 20:34:33.316 [main] ERROR Main - Input length = 1
2023-34-03 20:34:33.317 [main] ERROR Main - Input length = 1
2023-34-03 20:34:33.317 [main] ERROR Main - Input length = 1
2023-34-03 20:34:33.317 [main] ERROR Main - Input length = 1
2023-34-03 20:34:33.317 [main] ERROR Main - Input length = 1
2023-34-03 20:34:33.317 [main] ERROR Main - Input length = 1
2023-34-03 20:34:33.317 [main] ERROR Main - Input length = 1
2023-34-03 20:34:33.318 [main] ERROR Main - Input length = 1
2023-34-03 20:34:33.318 [main] ERROR Main - Input length = 1
2023-34-03 20:34:33.320 [main] ERROR Main - Input length = 1
2023-34-03 20:34:33.321 [main] ERROR Main - Input length = 1
2023-34-03 20:34:33.321 [main] ERROR Main - Input length = 1
2023-34-03 20:34:33.321 [main] ERROR Main - Input length = 1
2023-34-03 20:34:33.321 [main] ERROR Main - Input length = 1
2023-34-03 20:34:33.322 [main] ERROR Main - Input length = 1
2023-34-03 20:34:33.322 [main] ERROR Main - Input length = 1
2023-34-03 20:34:33.324 [main] ERROR Main - Input length = 1
2023-34-03 20:34:33.327 [main] ERROR Main - Input length = 1
2023-34-03 20:34:33.327 [main] ERROR Main - Input length = 1
2023-34-03 20:34:33.327 [main] ERROR Main - Input length = 1
2023-34-03 20:34:33.328 [main] ERROR Main - Input length = 1
2023-34-03 20:34:33.328 [main] ERROR Main - Input length = 1
2023-34-03 20:34:33.328 [main] ERROR Main - Input length = 1
2023-34-03 20:34:33.328 [main] ERROR Main - Input length = 1
2023-34-03 20:34:33.328 [main] ERROR Main - Input length = 1
2023-34-03 20:34:33.328 [main] ERROR Main - Input length = 1
2023-34-03 20:34:33.328 [main] ERROR Main - Input length = 1
2023-34-03 20:34:33.329 [main] ERROR Main - Input length = 1
2023-34-03 20:34:33.329 [main] ERROR Main - Input length = 1
2023-34-03 20:34:33.329 [main] ERROR Main - Input length = 1
2023-34-03 20:34:33.329 [main] ERROR Main - Input length = 1
2023-34-03 20:34:33.329 [main] ERROR Main - Input length = 1
2023-34-03 20:34:33.329 [main] ERROR Main - Input length = 1
2023-34-03 20:34:33.329 [main] ERROR Main - Input length = 1
2023-34-03 20:34:33.330 [main] ERROR Main - Input length = 1
2023-34-03 20:34:33.330 [main] ERROR Main - Input length = 1
2023-34-03 20:34:33.330 [main] ERROR Main - Input length = 1
2023-34-03 20:34:33.330 [main] ERROR Main - Input length = 1
2023-34-03 20:34:33.330 [main] ERROR Main - Input length = 1
2023-34-03 20:34:33.330 [main] ERROR Main - Input length = 1
2023-34-03 20:34:33.330 [main] ERROR Main - Input length = 1
2023-34-03 20:34:33.331 [main] ERROR Main - Input length = 1
2023-34-03 20:34:33.331 [main] ERROR Main - Input length = 1
2023-34-03 20:34:33.331 [main] ERROR Main - Input length = 1
2023-34-03 20:34:33.331 [main] ERROR Main - Input length = 1
2023-34-03 20:34:33.331 [main] ERROR Main - Input length = 1
2023-34-03 20:34:33.331 [main] ERROR Main - Input length = 1
2023-34-03 20:34:33.331 [main] ERROR Main - Input length = 1
2023-34-03 20:34:33.331 [main] ERROR Main - Input length = 1
2023-34-03 20:34:33.332 [main] ERROR Main - Input length = 1
2023-34-03 20:34:33.332 [main] ERROR Main - Input length = 1
2023-34-03 20:34:33.332 [main] ERROR Main - Input length = 1
2023-34-03 20:34:33.332 [main] ERROR Main - Input length = 1
2023-34-03 20:34:33.332 [main] ERROR Main - Input length = 1
2023-34-03 20:34:33.332 [main] ERROR Main - Input length = 1
2023-34-03 20:34:33.332 [main] ERROR Main - Input length = 1
2023-34-03 20:34:33.332 [main] ERROR Main - Input length = 1
2023-34-03 20:34:33.332 [main] ERROR Main - Input length = 1
2023-34-03 20:34:33.333 [main] ERROR Main - Input length = 1
2023-34-03 20:34:33.333 [main] ERROR Main - Input length = 1
2023-34-03 20:34:33.333 [main] ERROR Main - Input length = 1
2023-34-03 20:34:33.333 [main] ERROR Main - Input length = 1
2023-34-03 20:34:33.334 [main] ERROR Main - Input length = 1
2023-34-03 20:34:33.334 [main] ERROR Main - Input length = 1
2023-34-03 20:34:33.335 [main] ERROR Main - Input length = 1
2023-34-03 20:34:33.335 [main] ERROR Main - Input length = 1
2023-34-03 20:34:33.335 [main] ERROR Main - Input length = 1
2023-34-03 20:34:33.335 [main] ERROR Main - Input length = 1
2023-34-03 20:34:33.335 [main] ERROR Main - Input length = 1
2023-34-03 20:34:33.335 [main] ERROR Main - Input length = 1
2023-34-03 20:34:33.335 [main] ERROR Main - Input length = 1
2023-34-03 20:34:33.335 [main] ERROR Main - Input length = 1
2023-34-03 20:34:33.335 [main] ERROR Main - Input length = 1
2023-34-03 20:34:33.336 [main] ERROR Main - Input length = 1
2023-34-03 20:34:33.336 [main] ERROR Main - Input length = 1
2023-34-03 20:34:33.336 [main] ERROR Main - Input length = 1
2023-34-03 20:34:33.336 [main] ERROR Main - Input length = 1
2023-34-03 20:34:33.336 [main] ERROR Main - Input length = 1
2023-34-03 20:34:33.336 [main] ERROR Main - Input length = 1
2023-34-03 20:34:33.336 [main] ERROR Main - Input length = 1
2023-34-03 20:34:33.336 [main] ERROR Main - Input length = 1
2023-34-03 20:34:33.337 [main] ERROR Main - Input length = 1
2023-34-03 20:34:33.337 [main] ERROR Main - Input length = 1
2023-34-03 20:34:33.337 [main] ERROR Main - Input length = 1
2023-34-03 20:34:33.337 [main] ERROR Main - Input length = 1
2023-34-03 20:34:33.337 [main] ERROR Main - Input length = 1
2023-34-03 20:34:33.337 [main] ERROR Main - Input length = 1
2023-34-03 20:34:33.337 [main] ERROR Main - Input length = 1
2023-34-03 20:34:33.338 [main] ERROR Main - Input length = 1
2023-34-03 20:34:33.338 [main] ERROR Main - Input length = 1
2023-34-03 20:34:33.338 [main] ERROR Main - Input length = 1
2023-34-03 20:34:33.338 [main] ERROR Main - Input length = 1
2023-34-03 20:34:33.338 [main] ERROR Main - Input length = 1
2023-34-03 20:34:33.338 [main] ERROR Main - Input length = 1
2023-34-03 20:34:33.338 [main] ERROR Main - Input length = 1
2023-34-03 20:34:33.339 [main] ERROR Main - Input length = 1
2023-34-03 20:34:33.340 [main] ERROR Main - Input length = 1
2023-34-03 20:34:33.340 [main] ERROR Main - Input length = 1
2023-34-03 20:34:33.340 [main] ERROR Main - Input length = 1
2023-34-03 20:34:33.341 [main] ERROR Main - Input length = 1
2023-34-03 20:34:33.341 [main] ERROR Main - Input length = 1
2023-34-03 20:34:33.341 [main] ERROR Main - Input length = 1
2023-34-03 20:34:33.341 [main] ERROR Main - Input length = 1
2023-34-03 20:34:33.341 [main] ERROR Main - Input length = 1
2023-34-03 20:34:33.342 [main] ERROR Main - Input length = 1
2023-34-03 20:34:33.342 [main] ERROR Main - Input length = 1
2023-34-03 20:34:33.342 [main] ERROR Main - Input length = 1
2023-34-03 20:34:33.342 [main] ERROR Main - Input length = 1
2023-34-03 20:34:33.342 [main] ERROR Main - Input length = 1
2023-34-03 20:34:33.343 [main] ERROR Main - Input length = 1
2023-34-03 20:34:33.343 [main] ERROR Main - Input length = 1
2023-34-03 20:34:33.343 [main] ERROR Main - Input length = 1
2023-34-03 20:34:33.343 [main] ERROR Main - Input length = 1
2023-34-03 20:34:33.343 [main] ERROR Main - Input length = 1
2023-34-03 20:34:33.343 [main] ERROR Main - Input length = 1
2023-34-03 20:34:33.343 [main] ERROR Main - Input length = 1
2023-34-03 20:34:33.344 [main] ERROR Main - Input length = 1
2023-34-03 20:34:33.344 [main] ERROR Main - Input length = 1
2023-34-03 20:34:33.344 [main] ERROR Main - Input length = 1
2023-34-03 20:34:33.344 [main] ERROR Main - Input length = 1
2023-34-03 20:34:33.345 [main] ERROR Main - Input length = 1
2023-34-03 20:34:33.346 [main] ERROR Main - Input length = 1
2023-34-03 20:34:33.346 [main] ERROR Main - Input length = 1
2023-34-03 20:34:33.346 [main] ERROR Main - Input length = 1
2023-34-03 20:34:33.346 [main] ERROR Main - Input length = 1
2023-34-03 20:34:33.346 [main] ERROR Main - Input length = 1
2023-34-03 20:34:33.347 [main] ERROR Main - Input length = 1
2023-34-03 20:34:33.347 [main] ERROR Main - Input length = 1
2023-34-03 20:34:33.348 [main] ERROR Main - Input length = 1
2023-34-03 20:34:33.348 [main] ERROR Main - Input length = 1
2023-34-03 20:34:33.348 [main] ERROR Main - Input length = 1
2023-34-03 20:34:33.349 [main] ERROR Main - Input length = 1
2023-34-03 20:34:33.350 [main] ERROR Main - Input length = 1
2023-34-03 20:34:33.350 [main] ERROR Main - Input length = 1
2023-34-03 20:34:33.350 [main] ERROR Main - Input length = 1
2023-34-03 20:34:33.350 [main] ERROR Main - Input length = 1
2023-34-03 20:34:33.351 [main] ERROR Main - Input length = 1
2023-34-03 20:34:33.351 [main] ERROR Main - Input length = 1
2023-34-03 20:34:33.352 [main] ERROR Main - Input length = 1
2023-34-03 20:34:33.352 [main] ERROR Main - Input length = 1
2023-34-03 20:34:33.354 [main] ERROR Main - Input length = 1
2023-34-03 20:34:33.354 [main] ERROR Main - Input length = 1
2023-34-03 20:34:33.354 [main] ERROR Main - Input length = 1
2023-34-03 20:34:33.355 [main] ERROR Main - Input length = 1
2023-34-03 20:34:33.355 [main] ERROR Main - Input length = 1
2023-34-03 20:34:33.357 [main] ERROR Main - Input length = 1
2023-34-03 20:34:33.357 [main] ERROR Main - Input length = 1
2023-34-03 20:34:33.357 [main] ERROR Main - Input length = 1
2023-34-03 20:34:33.357 [main] ERROR Main - Input length = 1
2023-34-03 20:34:33.357 [main] ERROR Main - Input length = 1
2023-34-03 20:34:33.357 [main] ERROR Main - Input length = 1
2023-34-03 20:34:33.357 [main] ERROR Main - Input length = 1
2023-34-03 20:34:33.357 [main] ERROR Main - Input length = 1
2023-34-03 20:34:33.358 [main] ERROR Main - Input length = 1
2023-34-03 20:34:33.358 [main] ERROR Main - Input length = 1
2023-34-03 20:34:33.358 [main] ERROR Main - Input length = 1
2023-34-03 20:34:33.358 [main] ERROR Main - Input length = 1
2023-34-03 20:34:33.358 [main] ERROR Main - Input length = 1
2023-34-03 20:34:33.358 [main] ERROR Main - Input length = 1
2023-34-03 20:34:33.358 [main] ERROR Main - Input length = 1
2023-34-03 20:34:33.358 [main] ERROR Main - Input length = 1
2023-34-03 20:34:33.359 [main] ERROR Main - Input length = 1
2023-34-03 20:34:33.359 [main] ERROR Main - Input length = 1
2023-34-03 20:34:33.359 [main] ERROR Main - Input length = 1
2023-34-03 20:34:33.359 [main] ERROR Main - Input length = 1
2023-34-03 20:34:33.359 [main] ERROR Main - Input length = 1
2023-34-03 20:34:33.359 [main] ERROR Main - Input length = 1
2023-34-03 20:34:33.359 [main] ERROR Main - Input length = 1
2023-34-03 20:34:33.359 [main] ERROR Main - Input length = 1
2023-34-03 20:34:33.360 [main] ERROR Main - Input length = 1
2023-34-03 20:34:33.360 [main] ERROR Main - Input length = 1
2023-34-03 20:34:33.360 [main] ERROR Main - Input length = 1
2023-34-03 20:34:33.360 [main] ERROR Main - Input length = 1
2023-34-03 20:34:33.360 [main] ERROR Main - Input length = 1
2023-34-03 20:34:33.360 [main] ERROR Main - Input length = 1
2023-34-03 20:34:33.360 [main] ERROR Main - Input length = 1
2023-34-03 20:34:33.361 [main] ERROR Main - Input length = 1
2023-34-03 20:34:33.361 [main] ERROR Main - Input length = 1
2023-34-03 20:34:33.361 [main] ERROR Main - Input length = 1
2023-34-03 20:34:33.361 [main] ERROR Main - Input length = 1
2023-34-03 20:34:33.362 [main] ERROR Main - Input length = 1
2023-34-03 20:34:33.362 [main] ERROR Main - Input length = 1
2023-34-03 20:34:33.362 [main] ERROR Main - Input length = 1
2023-34-03 20:34:33.362 [main] ERROR Main - Input length = 1
2023-34-03 20:34:33.362 [main] ERROR Main - Input length = 1
2023-34-03 20:34:33.363 [main] ERROR Main - Input length = 1
2023-34-03 20:34:33.363 [main] ERROR Main - Input length = 1
2023-34-03 20:34:33.363 [main] ERROR Main - Input length = 1
2023-34-03 20:34:33.364 [main] ERROR Main - Input length = 1
2023-34-03 20:34:33.364 [main] ERROR Main - Input length = 1
2023-34-03 20:34:33.364 [main] ERROR Main - Input length = 1
2023-34-03 20:34:33.364 [main] ERROR Main - Input length = 1
2023-34-03 20:34:33.364 [main] ERROR Main - Input length = 1
2023-34-03 20:34:33.364 [main] ERROR Main - Input length = 1
2023-34-03 20:34:33.364 [main] ERROR Main - Input length = 1
2023-34-03 20:34:33.364 [main] ERROR Main - Input length = 1
2023-34-03 20:34:33.365 [main] ERROR Main - Input length = 1
2023-34-03 20:34:33.365 [main] ERROR Main - Input length = 1
2023-34-03 20:34:33.365 [main] ERROR Main - Input length = 1
2023-34-03 20:34:33.366 [main] ERROR Main - Input length = 1
2023-34-03 20:34:33.366 [main] ERROR Main - Input length = 1
2023-34-03 20:34:33.366 [main] ERROR Main - Input length = 1
2023-34-03 20:34:33.366 [main] ERROR Main - Input length = 1
2023-34-03 20:34:33.366 [main] ERROR Main - Input length = 1
2023-34-03 20:34:33.366 [main] ERROR Main - Input length = 1
2023-34-03 20:34:33.366 [main] ERROR Main - Input length = 1
2023-34-03 20:34:33.367 [main] ERROR Main - Input length = 1
2023-34-03 20:34:33.367 [main] ERROR Main - Input length = 1
2023-34-03 20:34:33.367 [main] ERROR Main - Input length = 1
2023-34-03 20:34:33.367 [main] ERROR Main - Input length = 1
2023-34-03 20:34:33.367 [main] ERROR Main - Input length = 1
2023-34-03 20:34:33.367 [main] ERROR Main - Input length = 1
2023-34-03 20:34:33.367 [main] ERROR Main - Input length = 1
2023-34-03 20:34:33.368 [main] ERROR Main - Input length = 1
2023-34-03 20:34:33.368 [main] ERROR Main - Input length = 1
2023-34-03 20:34:33.368 [main] ERROR Main - Input length = 1
2023-34-03 20:34:33.368 [main] ERROR Main - Input length = 1
2023-34-03 20:34:33.368 [main] ERROR Main - Input length = 1
2023-34-03 20:34:33.368 [main] ERROR Main - Input length = 1
2023-34-03 20:34:33.368 [main] ERROR Main - Input length = 1
2023-34-03 20:34:33.368 [main] ERROR Main - Input length = 1
2023-34-03 20:34:33.369 [main] ERROR Main - Input length = 1
2023-34-03 20:34:33.369 [main] ERROR Main - Input length = 1
2023-34-03 20:34:33.369 [main] ERROR Main - Input length = 1
2023-34-03 20:34:33.369 [main] ERROR Main - Input length = 1
2023-34-03 20:34:33.369 [main] ERROR Main - Input length = 1
2023-34-03 20:34:33.369 [main] ERROR Main - Input length = 1
2023-34-03 20:34:33.370 [main] ERROR Main - Input length = 1
2023-34-03 20:34:33.370 [main] ERROR Main - Input length = 1
2023-34-03 20:34:33.370 [main] ERROR Main - Input length = 1
2023-34-03 20:34:33.370 [main] ERROR Main - Input length = 1
2023-34-03 20:34:33.370 [main] ERROR Main - Input length = 1
2023-34-03 20:34:33.370 [main] ERROR Main - Input length = 1
2023-34-03 20:34:33.370 [main] ERROR Main - Input length = 1
2023-34-03 20:34:33.370 [main] ERROR Main - Input length = 1
2023-34-03 20:34:33.370 [main] ERROR Main - Input length = 1
2023-34-03 20:34:33.371 [main] ERROR Main - Input length = 1
2023-34-03 20:34:33.371 [main] ERROR Main - Input length = 1
2023-34-03 20:34:33.372 [main] ERROR Main - Input length = 1
2023-34-03 20:34:33.372 [main] ERROR Main - Input length = 1
2023-34-03 20:34:33.372 [main] ERROR Main - Input length = 1
2023-34-03 20:34:33.372 [main] ERROR Main - Input length = 1
2023-34-03 20:34:33.372 [main] ERROR Main - Input length = 1
2023-34-03 20:34:33.373 [main] ERROR Main - Input length = 1
2023-34-03 20:34:33.373 [main] ERROR Main - Input length = 1
2023-34-03 20:34:33.373 [main] ERROR Main - Input length = 1
2023-34-03 20:34:33.374 [main] ERROR Main - Input length = 1
2023-34-03 20:34:33.374 [main] ERROR Main - Input length = 1
2023-34-03 20:34:33.374 [main] ERROR Main - Input length = 1
2023-34-03 20:34:33.374 [main] ERROR Main - Input length = 1
2023-34-03 20:34:33.375 [main] ERROR Main - Input length = 1
2023-34-03 20:34:33.375 [main] ERROR Main - Input length = 1
2023-34-03 20:34:33.375 [main] ERROR Main - Input length = 1
2023-34-03 20:34:33.375 [main] ERROR Main - Input length = 1
2023-34-03 20:34:33.376 [main] ERROR Main - Input length = 1
2023-34-03 20:34:33.376 [main] ERROR Main - Input length = 1
2023-34-03 20:34:33.376 [main] ERROR Main - Input length = 1
2023-34-03 20:34:33.376 [main] ERROR Main - Input length = 1
2023-34-03 20:34:33.376 [main] ERROR Main - Input length = 1
2023-34-03 20:34:33.376 [main] ERROR Main - Input length = 1
2023-34-03 20:34:33.377 [main] ERROR Main - Input length = 1
2023-34-03 20:34:33.378 [main] ERROR Main - Input length = 1
2023-34-03 20:34:33.378 [main] ERROR Main - Input length = 1
2023-34-03 20:34:33.379 [main] ERROR Main - Input length = 1
2023-34-03 20:34:33.379 [main] ERROR Main - Input length = 1
2023-34-03 20:34:33.380 [main] ERROR Main - Input length = 1
2023-34-03 20:34:33.380 [main] ERROR Main - Input length = 1
2023-34-03 20:34:33.381 [main] ERROR Main - Input length = 1
2023-34-03 20:34:33.381 [main] ERROR Main - Input length = 1
2023-34-03 20:34:33.381 [main] ERROR Main - Input length = 1
2023-34-03 20:34:33.381 [main] ERROR Main - Input length = 1
2023-34-03 20:34:33.382 [main] ERROR Main - Input length = 1
2023-34-03 20:34:33.382 [main] ERROR Main - Input length = 1
2023-34-03 20:34:33.382 [main] ERROR Main - Input length = 1
2023-34-03 20:34:33.382 [main] ERROR Main - Input length = 1
2023-34-03 20:34:33.382 [main] ERROR Main - Input length = 1
2023-34-03 20:34:33.382 [main] ERROR Main - Input length = 1
2023-34-03 20:34:33.383 [main] ERROR Main - Input length = 1
2023-34-03 20:34:33.383 [main] ERROR Main - Input length = 1
2023-34-03 20:34:33.383 [main] ERROR Main - Input length = 1
2023-34-03 20:34:33.383 [main] ERROR Main - Input length = 1
2023-34-03 20:34:33.384 [main] ERROR Main - Input length = 1
2023-34-03 20:34:33.384 [main] ERROR Main - Input length = 1
2023-34-03 20:34:33.384 [main] ERROR Main - Input length = 1
2023-34-03 20:34:33.384 [main] ERROR Main - Input length = 1
2023-34-03 20:34:33.384 [main] ERROR Main - Input length = 1
2023-34-03 20:34:33.385 [main] ERROR Main - Input length = 1
2023-34-03 20:34:33.385 [main] ERROR Main - Input length = 1
2023-34-03 20:34:33.385 [main] ERROR Main - Input length = 1
2023-34-03 20:34:33.385 [main] ERROR Main - Input length = 1
2023-34-03 20:34:33.385 [main] ERROR Main - Input length = 1
2023-34-03 20:34:33.386 [main] ERROR Main - Input length = 1
2023-34-03 20:34:33.386 [main] ERROR Main - Input length = 1
2023-34-03 20:34:33.386 [main] ERROR Main - Input length = 1
2023-34-03 20:34:33.386 [main] ERROR Main - Input length = 1
2023-34-03 20:34:33.387 [main] ERROR Main - Input length = 1
2023-34-03 20:34:33.387 [main] ERROR Main - Input length = 1
2023-34-03 20:34:33.387 [main] ERROR Main - Input length = 1
2023-34-03 20:34:33.388 [main] ERROR Main - Input length = 1
2023-34-03 20:34:33.388 [main] ERROR Main - Input length = 1
2023-34-03 20:34:33.388 [main] ERROR Main - Input length = 1
2023-34-03 20:34:33.388 [main] ERROR Main - Input length = 1
2023-34-03 20:34:33.388 [main] ERROR Main - Input length = 1
2023-34-03 20:34:33.388 [main] ERROR Main - Input length = 1
2023-34-03 20:34:33.388 [main] ERROR Main - Input length = 1
2023-34-03 20:34:33.389 [main] ERROR Main - Input length = 1
2023-34-03 20:34:33.389 [main] ERROR Main - Input length = 1
2023-34-03 20:34:33.389 [main] ERROR Main - Input length = 1
2023-34-03 20:34:33.389 [main] ERROR Main - Input length = 1
2023-34-03 20:34:33.389 [main] ERROR Main - Input length = 2
2023-34-03 20:34:33.389 [main] ERROR Main - Input length = 1
2023-34-03 20:34:33.389 [main] ERROR Main - Input length = 1
2023-34-03 20:34:33.389 [main] ERROR Main - Input length = 1
2023-34-03 20:34:33.389 [main] ERROR Main - Input length = 1
2023-34-03 20:34:33.390 [main] ERROR Main - Input length = 1
2023-34-03 20:34:33.390 [main] ERROR Main - Input length = 1
2023-34-03 20:34:33.390 [main] ERROR Main - Input length = 1
2023-34-03 20:34:33.390 [main] ERROR Main - Input length = 1
2023-34-03 20:34:33.391 [main] ERROR Main - Input length = 1
2023-34-03 20:34:33.391 [main] ERROR Main - Input length = 1
2023-34-03 20:34:33.391 [main] ERROR Main - Input length = 1
2023-34-03 20:34:33.391 [main] ERROR Main - Input length = 1
2023-34-03 20:34:33.391 [main] ERROR Main - Input length = 1
2023-34-03 20:34:33.391 [main] ERROR Main - Input length = 1
2023-34-03 20:34:33.392 [main] ERROR Main - Input length = 1
2023-34-03 20:34:33.392 [main] ERROR Main - Input length = 1
2023-34-03 20:34:33.392 [main] ERROR Main - Input length = 1
2023-34-03 20:34:33.392 [main] ERROR Main - Input length = 1
2023-34-03 20:34:33.392 [main] ERROR Main - Input length = 1
2023-34-03 20:34:33.392 [main] ERROR Main - Input length = 1
2023-34-03 20:34:33.392 [main] ERROR Main - Input length = 1
2023-34-03 20:34:33.392 [main] ERROR Main - Input length = 1
2023-34-03 20:34:33.392 [main] ERROR Main - Input length = 1
2023-34-03 20:34:33.392 [main] ERROR Main - Input length = 1
2023-34-03 20:34:33.393 [main] ERROR Main - Input length = 1
2023-34-03 20:34:33.393 [main] ERROR Main - Input length = 1
2023-34-03 20:34:33.403 [main] ERROR Main - Input length = 1
2023-34-03 20:34:33.412 [main] ERROR Main - Input length = 1
2023-34-03 20:34:33.413 [main] ERROR Main - Input length = 1
2023-34-03 20:34:33.413 [main] ERROR Main - Input length = 1
2023-34-03 20:34:33.413 [main] ERROR Main - Input length = 1
2023-34-03 20:34:33.413 [main] ERROR Main - Input length = 1
2023-34-03 20:34:33.413 [main] ERROR Main - Input length = 1
2023-34-03 20:34:33.413 [main] ERROR Main - Input length = 1
2023-34-03 20:34:33.414 [main] ERROR Main - Input length = 1
2023-34-03 20:34:33.414 [main] ERROR Main - Input length = 1
2023-34-03 20:34:33.414 [main] ERROR Main - Input length = 1
2023-34-03 20:34:33.414 [main] ERROR Main - Input length = 1
2023-34-03 20:34:33.414 [main] ERROR Main - Input length = 1
2023-34-03 20:34:33.414 [main] ERROR Main - Input length = 1
2023-34-03 20:34:33.414 [main] ERROR Main - Input length = 1
2023-34-03 20:34:33.414 [main] ERROR Main - Input length = 1
2023-34-03 20:34:33.414 [main] ERROR Main - Input length = 1
2023-34-03 20:34:33.414 [main] ERROR Main - Input length = 1
2023-34-03 20:34:33.415 [main] ERROR Main - Input length = 1
2023-34-03 20:34:33.415 [main] ERROR Main - Input length = 1
2023-34-03 20:34:33.415 [main] ERROR Main - Input length = 1
2023-34-03 20:34:33.415 [main] ERROR Main - Input length = 1
2023-34-03 20:34:33.416 [main] ERROR Main - Input length = 1
2023-34-03 20:34:33.416 [main] ERROR Main - Input length = 1
2023-34-03 20:34:33.416 [main] ERROR Main - Input length = 1
2023-34-03 20:34:33.416 [main] ERROR Main - Input length = 1
2023-34-03 20:34:33.416 [main] ERROR Main - Input length = 1
2023-34-03 20:34:33.417 [main] ERROR Main - Input length = 1
2023-34-03 20:34:33.417 [main] ERROR Main - Input length = 1
2023-34-03 20:34:33.417 [main] ERROR Main - Input length = 1
2023-34-03 20:34:33.417 [main] ERROR Main - Input length = 1
2023-34-03 20:34:33.418 [main] ERROR Main - Input length = 1
2023-34-03 20:34:33.418 [main] ERROR Main - Input length = 1
2023-34-03 20:34:33.418 [main] ERROR Main - Input length = 1
2023-34-03 20:34:33.418 [main] ERROR Main - Input length = 1
2023-34-03 20:34:33.418 [main] ERROR Main - Input length = 1
2023-34-03 20:34:33.418 [main] ERROR Main - Input length = 1
2023-34-03 20:34:33.419 [main] ERROR Main - Input length = 1
2023-34-03 20:34:33.419 [main] ERROR Main - Input length = 1
2023-34-03 20:34:33.419 [main] ERROR Main - Input length = 1
2023-34-03 20:34:33.419 [main] ERROR Main - Input length = 1
2023-34-03 20:34:33.420 [main] ERROR Main - Input length = 1
2023-34-03 20:34:33.420 [main] ERROR Main - Input length = 1
2023-34-03 20:34:33.420 [main] ERROR Main - Input length = 1
2023-34-03 20:34:33.421 [main] ERROR Main - Input length = 1
2023-34-03 20:34:33.421 [main] ERROR Main - Input length = 1
2023-34-03 20:34:33.421 [main] ERROR Main - Input length = 1
2023-34-03 20:34:33.421 [main] ERROR Main - Input length = 1
2023-34-03 20:34:33.421 [main] ERROR Main - Input length = 1
2023-34-03 20:34:33.421 [main] ERROR Main - Input length = 1
2023-34-03 20:34:33.422 [main] ERROR Main - Input length = 1
2023-34-03 20:34:33.422 [main] ERROR Main - Input length = 1
2023-34-03 20:34:33.422 [main] ERROR Main - Input length = 1
2023-34-03 20:34:33.422 [main] ERROR Main - Input length = 1
2023-34-03 20:34:33.423 [main] ERROR Main - Input length = 1
2023-34-03 20:34:33.423 [main] ERROR Main - Input length = 1
2023-34-03 20:34:33.423 [main] ERROR Main - Input length = 1
2023-34-03 20:34:33.423 [main] ERROR Main - Input length = 1
2023-34-03 20:34:33.423 [main] ERROR Main - Input length = 1
2023-34-03 20:34:33.423 [main] ERROR Main - Input length = 1
2023-34-03 20:34:33.423 [main] ERROR Main - Input length = 1
2023-34-03 20:34:33.423 [main] ERROR Main - Input length = 1
2023-34-03 20:34:33.423 [main] ERROR Main - Input length = 1
2023-34-03 20:34:33.424 [main] ERROR Main - Input length = 1
2023-34-03 20:34:33.424 [main] ERROR Main - Input length = 1
2023-34-03 20:34:33.424 [main] ERROR Main - Input length = 1
2023-34-03 20:34:33.424 [main] ERROR Main - Input length = 1
2023-34-03 20:34:33.424 [main] ERROR Main - Input length = 1
2023-34-03 20:34:33.424 [main] ERROR Main - Input length = 1
2023-34-03 20:34:33.424 [main] ERROR Main - Input length = 1
2023-34-03 20:34:33.424 [main] ERROR Main - Input length = 1
2023-34-03 20:34:33.424 [main] ERROR Main - Input length = 1
2023-34-03 20:34:33.424 [main] ERROR Main - Input length = 1
2023-34-03 20:34:33.425 [main] ERROR Main - Input length = 1
2023-34-03 20:34:33.425 [main] ERROR Main - Input length = 1
2023-34-03 20:34:33.426 [main] ERROR Main - Input length = 1
2023-34-03 20:34:33.426 [main] ERROR Main - Input length = 1
2023-34-03 20:34:33.426 [main] ERROR Main - Input length = 1
2023-34-03 20:34:33.426 [main] ERROR Main - Input length = 1
2023-34-03 20:34:33.426 [main] ERROR Main - Input length = 1
2023-34-03 20:34:33.426 [main] ERROR Main - Input length = 1
2023-34-03 20:34:33.426 [main] ERROR Main - Input length = 1
2023-34-03 20:34:33.427 [main] ERROR Main - Input length = 1
2023-34-03 20:34:33.427 [main] ERROR Main - Input length = 1
2023-34-03 20:34:33.427 [main] ERROR Main - Input length = 1
2023-34-03 20:34:33.427 [main] ERROR Main - Input length = 1
2023-34-03 20:34:33.428 [main] ERROR Main - Input length = 1
2023-34-03 20:34:33.428 [main] ERROR Main - Input length = 1
2023-34-03 20:34:33.428 [main] ERROR Main - Input length = 1
2023-34-03 20:34:33.428 [main] ERROR Main - Input length = 1
2023-34-03 20:34:33.428 [main] ERROR Main - Input length = 1
2023-34-03 20:34:33.428 [main] ERROR Main - Input length = 1
2023-34-03 20:34:33.428 [main] ERROR Main - Input length = 1
2023-34-03 20:34:33.429 [main] ERROR Main - Input length = 1
2023-34-03 20:34:33.429 [main] ERROR Main - Input length = 1
2023-34-03 20:34:33.430 [main] ERROR Main - Input length = 1
2023-34-03 20:34:33.430 [main] ERROR Main - Input length = 1
2023-34-03 20:34:33.430 [main] ERROR Main - Input length = 1
2023-34-03 20:34:33.431 [main] ERROR Main - Input length = 1
2023-34-03 20:34:33.431 [main] ERROR Main - Input length = 1
2023-34-03 20:34:33.431 [main] ERROR Main - Input length = 1
2023-34-03 20:34:33.431 [main] ERROR Main - Input length = 1
2023-34-03 20:34:33.431 [main] ERROR Main - Input length = 1
2023-34-03 20:34:33.431 [main] ERROR Main - Input length = 1
2023-34-03 20:34:33.432 [main] ERROR Main - Input length = 1
2023-34-03 20:34:33.432 [main] ERROR Main - Input length = 1
2023-34-03 20:34:33.432 [main] ERROR Main - Input length = 1
2023-34-03 20:34:33.432 [main] ERROR Main - Input length = 1
2023-34-03 20:34:33.432 [main] ERROR Main - Input length = 1
2023-34-03 20:34:33.433 [main] ERROR Main - Input length = 1
2023-34-03 20:34:33.433 [main] ERROR Main - Input length = 1
2023-34-03 20:34:33.433 [main] ERROR Main - Input length = 1
2023-34-03 20:34:33.433 [main] ERROR Main - Input length = 1
2023-34-03 20:34:33.433 [main] ERROR Main - Input length = 1
2023-34-03 20:34:33.433 [main] ERROR Main - Input length = 1
2023-34-03 20:34:33.433 [main] ERROR Main - Input length = 1
2023-34-03 20:34:33.433 [main] ERROR Main - Input length = 1
2023-34-03 20:34:33.434 [main] ERROR Main - Input length = 1
2023-34-03 20:34:33.434 [main] ERROR Main - Input length = 1
2023-34-03 20:34:33.435 [main] ERROR Main - Input length = 1
2023-34-03 20:34:33.435 [main] ERROR Main - Input length = 1
2023-34-03 20:34:33.435 [main] ERROR Main - Input length = 1
2023-34-03 20:34:33.435 [main] ERROR Main - Input length = 1
2023-34-03 20:34:33.435 [main] ERROR Main - Input length = 1
2023-34-03 20:34:33.435 [main] ERROR Main - Input length = 1
2023-34-03 20:34:33.435 [main] ERROR Main - Input length = 1
2023-34-03 20:34:33.435 [main] ERROR Main - Input length = 1
2023-34-03 20:34:33.435 [main] ERROR Main - Input length = 1
2023-34-03 20:34:33.435 [main] ERROR Main - Input length = 1
2023-34-03 20:34:33.435 [main] ERROR Main - Input length = 1
2023-34-03 20:34:33.436 [main] ERROR Main - Input length = 1
2023-34-03 20:34:33.436 [main] ERROR Main - Input length = 1
2023-34-03 20:34:33.436 [main] ERROR Main - Input length = 1
2023-34-03 20:34:33.436 [main] ERROR Main - Input length = 1
2023-34-03 20:34:33.436 [main] ERROR Main - Input length = 1
2023-34-03 20:34:33.436 [main] ERROR Main - Input length = 1
2023-34-03 20:34:33.436 [main] ERROR Main - Input length = 1
2023-34-03 20:34:33.436 [main] ERROR Main - Input length = 1
2023-34-03 20:34:33.436 [main] ERROR Main - Input length = 1
2023-34-03 20:34:33.437 [main] ERROR Main - Input length = 1
2023-34-03 20:34:33.437 [main] ERROR Main - Input length = 1
2023-34-03 20:34:33.437 [main] ERROR Main - Input length = 1
2023-34-03 20:34:33.437 [main] ERROR Main - Input length = 1
2023-34-03 20:34:33.437 [main] ERROR Main - Input length = 1
2023-34-03 20:34:33.437 [main] ERROR Main - Input length = 1
2023-34-03 20:34:33.437 [main] ERROR Main - Input length = 1
2023-34-03 20:34:33.438 [main] ERROR Main - Input length = 1
2023-34-03 20:34:33.438 [main] ERROR Main - Input length = 1
2023-34-03 20:34:33.438 [main] ERROR Main - Input length = 1
2023-34-03 20:34:33.438 [main] ERROR Main - Input length = 1
2023-34-03 20:34:33.438 [main] ERROR Main - Input length = 1
2023-34-03 20:34:33.438 [main] ERROR Main - Input length = 1
2023-34-03 20:34:33.438 [main] ERROR Main - Input length = 1
2023-34-03 20:34:33.438 [main] ERROR Main - Input length = 1
2023-34-03 20:34:33.439 [main] ERROR Main - Input length = 1
2023-34-03 20:34:33.439 [main] ERROR Main - Input length = 1
2023-34-03 20:34:33.439 [main] ERROR Main - Input length = 1
2023-34-03 20:34:33.439 [main] ERROR Main - Input length = 1
2023-34-03 20:34:33.439 [main] ERROR Main - Input length = 1
2023-34-03 20:34:33.439 [main] ERROR Main - Input length = 1
2023-34-03 20:34:33.439 [main] ERROR Main - Input length = 1
2023-34-03 20:34:33.440 [main] ERROR Main - Input length = 1
2023-34-03 20:34:33.441 [main] ERROR Main - Input length = 2
2023-34-03 20:34:33.441 [main] ERROR Main - Input length = 1
2023-34-03 20:34:33.441 [main] ERROR Main - Input length = 1
2023-34-03 20:34:33.441 [main] ERROR Main - Input length = 1
2023-34-03 20:34:33.441 [main] ERROR Main - Input length = 1
2023-34-03 20:34:33.441 [main] ERROR Main - Input length = 1
2023-34-03 20:34:33.441 [main] ERROR Main - Input length = 1
2023-34-03 20:34:33.441 [main] ERROR Main - Input length = 1
2023-34-03 20:34:33.441 [main] ERROR Main - Input length = 1
2023-34-03 20:34:33.442 [main] ERROR Main - Input length = 1
2023-34-03 20:34:33.442 [main] ERROR Main - Input length = 1
2023-34-03 20:34:33.442 [main] ERROR Main - Input length = 1
2023-34-03 20:34:33.442 [main] ERROR Main - Input length = 1
2023-34-03 20:34:33.442 [main] ERROR Main - Input length = 1
2023-34-03 20:34:33.442 [main] ERROR Main - Input length = 1
2023-34-03 20:34:33.442 [main] ERROR Main - Input length = 1
2023-34-03 20:34:33.442 [main] ERROR Main - Input length = 1
2023-34-03 20:34:33.442 [main] ERROR Main - Input length = 1
2023-34-03 20:34:33.443 [main] ERROR Main - Input length = 1
2023-34-03 20:34:33.443 [main] ERROR Main - Input length = 1
2023-34-03 20:34:33.443 [main] ERROR Main - Input length = 1
2023-34-03 20:34:33.443 [main] ERROR Main - Input length = 1
2023-34-03 20:34:33.443 [main] ERROR Main - Input length = 1
2023-34-03 20:34:33.443 [main] ERROR Main - Input length = 1
2023-34-03 20:34:33.443 [main] ERROR Main - Input length = 1
2023-34-03 20:34:33.443 [main] ERROR Main - Input length = 1
2023-34-03 20:34:33.444 [main] ERROR Main - Input length = 1
2023-34-03 20:34:33.444 [main] ERROR Main - Input length = 1
2023-34-03 20:34:33.444 [main] ERROR Main - Input length = 1
2023-34-03 20:34:33.444 [main] ERROR Main - Input length = 1
2023-34-03 20:34:33.444 [main] ERROR Main - Input length = 1
2023-34-03 20:34:33.444 [main] ERROR Main - Input length = 1
2023-34-03 20:34:33.444 [main] ERROR Main - Input length = 1
2023-34-03 20:34:33.444 [main] ERROR Main - Input length = 1
2023-34-03 20:34:33.444 [main] ERROR Main - Input length = 1
2023-34-03 20:34:33.445 [main] ERROR Main - Input length = 1
2023-34-03 20:34:33.445 [main] ERROR Main - Input length = 1
2023-34-03 20:34:33.445 [main] ERROR Main - Input length = 1
2023-34-03 20:34:33.445 [main] ERROR Main - Input length = 1
2023-34-03 20:34:33.445 [main] ERROR Main - Input length = 1
2023-34-03 20:34:33.445 [main] ERROR Main - Input length = 1
2023-34-03 20:34:33.445 [main] ERROR Main - Input length = 1
2023-34-03 20:34:33.445 [main] ERROR Main - Input length = 1
2023-34-03 20:34:33.446 [main] ERROR Main - Input length = 1
2023-34-03 20:34:33.446 [main] ERROR Main - Input length = 1
2023-34-03 20:34:33.446 [main] ERROR Main - Input length = 1
2023-34-03 20:34:33.446 [main] ERROR Main - Input length = 1
2023-34-03 20:34:33.446 [main] ERROR Main - Input length = 1
2023-34-03 20:34:33.447 [main] ERROR Main - Input length = 1
2023-34-03 20:34:33.447 [main] ERROR Main - Input length = 1
2023-34-03 20:34:33.447 [main] ERROR Main - Input length = 1
2023-34-03 20:34:33.447 [main] ERROR Main - Input length = 1
2023-34-03 20:34:33.447 [main] ERROR Main - Input length = 1
2023-34-03 20:34:33.447 [main] ERROR Main - Input length = 2
2023-34-03 20:34:33.447 [main] ERROR Main - Input length = 1
2023-34-03 20:34:33.447 [main] ERROR Main - Input length = 1
2023-34-03 20:34:33.448 [main] ERROR Main - Input length = 1
2023-34-03 20:34:33.448 [main] ERROR Main - Input length = 1
2023-34-03 20:34:33.448 [main] ERROR Main - Input length = 1
2023-34-03 20:34:33.448 [main] ERROR Main - Input length = 1
2023-34-03 20:34:33.448 [main] ERROR Main - Input length = 1
2023-34-03 20:34:33.448 [main] ERROR Main - Input length = 1
2023-34-03 20:34:33.449 [main] ERROR Main - Input length = 1
2023-34-03 20:34:33.449 [main] ERROR Main - Input length = 1
2023-34-03 20:34:33.449 [main] ERROR Main - Input length = 1
2023-34-03 20:34:33.449 [main] ERROR Main - Input length = 1
2023-34-03 20:34:33.449 [main] ERROR Main - Input length = 1
2023-34-03 20:34:33.449 [main] ERROR Main - Input length = 1
2023-34-03 20:34:33.449 [main] ERROR Main - Input length = 1
2023-34-03 20:34:33.449 [main] ERROR Main - Input length = 1
2023-34-03 20:34:33.449 [main] ERROR Main - Input length = 1
2023-34-03 20:34:33.450 [main] ERROR Main - Input length = 1
2023-34-03 20:34:33.450 [main] ERROR Main - Input length = 1
2023-34-03 20:34:33.450 [main] ERROR Main - Input length = 1
2023-34-03 20:34:33.450 [main] ERROR Main - Input length = 1
2023-34-03 20:34:33.450 [main] ERROR Main - Input length = 1
2023-34-03 20:34:33.450 [main] ERROR Main - Input length = 1
2023-34-03 20:34:33.450 [main] ERROR Main - Input length = 1
2023-34-03 20:34:33.450 [main] ERROR Main - Input length = 1
2023-34-03 20:34:33.450 [main] ERROR Main - Input length = 1
2023-34-03 20:34:33.450 [main] ERROR Main - Input length = 1
2023-34-03 20:34:33.451 [main] ERROR Main - Input length = 1
2023-34-03 20:34:33.451 [main] ERROR Main - Input length = 1
2023-34-03 20:34:33.451 [main] ERROR Main - Input length = 1
2023-34-03 20:34:33.451 [main] ERROR Main - Input length = 1
2023-34-03 20:34:33.451 [main] ERROR Main - Input length = 1
2023-34-03 20:34:33.451 [main] ERROR Main - Input length = 1
2023-34-03 20:34:33.451 [main] ERROR Main - Input length = 1
2023-34-03 20:34:33.452 [main] ERROR Main - Input length = 1
2023-34-03 20:34:33.452 [main] ERROR Main - Input length = 1
2023-34-03 20:34:33.453 [main] ERROR Main - Input length = 1
2023-34-03 20:34:33.453 [main] ERROR Main - Input length = 1
2023-34-03 20:34:33.453 [main] ERROR Main - Input length = 1
2023-34-03 20:34:33.453 [main] ERROR Main - Input length = 1
2023-34-03 20:34:33.453 [main] ERROR Main - Input length = 1
2023-34-03 20:34:33.453 [main] ERROR Main - Input length = 1
2023-34-03 20:34:33.453 [main] ERROR Main - Input length = 1
2023-34-03 20:34:33.453 [main] ERROR Main - Input length = 1
2023-34-03 20:34:33.453 [main] ERROR Main - Input length = 1
2023-34-03 20:34:33.454 [main] ERROR Main - Input length = 1
2023-34-03 20:34:33.454 [main] ERROR Main - Input length = 1
2023-34-03 20:34:33.454 [main] ERROR Main - Input length = 1
2023-34-03 20:34:33.454 [main] ERROR Main - Input length = 1
2023-34-03 20:34:33.454 [main] ERROR Main - Input length = 1
2023-34-03 20:34:33.454 [main] ERROR Main - Input length = 1
2023-34-03 20:34:33.454 [main] ERROR Main - Input length = 1
2023-34-03 20:34:33.454 [main] ERROR Main - Input length = 1
2023-34-03 20:34:33.455 [main] ERROR Main - Input length = 1
2023-34-03 20:34:33.455 [main] ERROR Main - Input length = 1
2023-34-03 20:34:33.455 [main] ERROR Main - Input length = 1
2023-34-03 20:34:33.455 [main] ERROR Main - Input length = 1
2023-34-03 20:34:33.455 [main] ERROR Main - Input length = 1
2023-34-03 20:34:33.455 [main] ERROR Main - Input length = 1
2023-34-03 20:34:33.455 [main] ERROR Main - Input length = 1
2023-34-03 20:34:33.455 [main] ERROR Main - Input length = 1
2023-34-03 20:34:33.456 [main] ERROR Main - Input length = 1
2023-34-03 20:34:33.456 [main] ERROR Main - Input length = 1
2023-34-03 20:34:33.456 [main] ERROR Main - Input length = 1
2023-34-03 20:34:33.456 [main] ERROR Main - Input length = 1
2023-34-03 20:34:33.456 [main] ERROR Main - Input length = 1
2023-34-03 20:34:33.456 [main] ERROR Main - Input length = 1
2023-34-03 20:34:33.456 [main] ERROR Main - Input length = 1
2023-34-03 20:34:33.457 [main] ERROR Main - Input length = 1
2023-34-03 20:34:33.457 [main] ERROR Main - Input length = 1
2023-34-03 20:34:33.457 [main] ERROR Main - Input length = 1
2023-34-03 20:34:33.458 [main] ERROR Main - Input length = 1
2023-34-03 20:34:33.458 [main] ERROR Main - Input length = 1
2023-34-03 20:34:33.458 [main] ERROR Main - Input length = 1
2023-34-03 20:34:33.458 [main] ERROR Main - Input length = 1
2023-34-03 20:34:33.458 [main] ERROR Main - Input length = 1
2023-34-03 20:34:33.458 [main] ERROR Main - Input length = 1
2023-34-03 20:34:33.458 [main] ERROR Main - Input length = 1
2023-34-03 20:34:33.458 [main] ERROR Main - Input length = 2
2023-34-03 20:34:33.459 [main] ERROR Main - Input length = 1
2023-34-03 20:34:33.459 [main] ERROR Main - Input length = 1
2023-34-03 20:34:33.459 [main] ERROR Main - Input length = 1
2023-34-03 20:34:33.460 [main] ERROR Main - Input length = 1
2023-34-03 20:34:33.460 [main] ERROR Main - Input length = 1
2023-34-03 20:34:33.460 [main] ERROR Main - Input length = 1
2023-34-03 20:34:33.460 [main] ERROR Main - Input length = 1
2023-34-03 20:34:33.460 [main] ERROR Main - Input length = 1
2023-34-03 20:34:33.461 [main] ERROR Main - Input length = 1
2023-34-03 20:34:33.461 [main] ERROR Main - Input length = 1
2023-34-03 20:34:33.461 [main] ERROR Main - Input length = 1
2023-34-03 20:34:33.461 [main] ERROR Main - Input length = 1
2023-34-03 20:34:33.461 [main] ERROR Main - Input length = 1
2023-34-03 20:34:33.462 [main] ERROR Main - Input length = 1
2023-34-03 20:34:33.462 [main] ERROR Main - Input length = 1
2023-34-03 20:34:33.462 [main] ERROR Main - Input length = 1
2023-34-03 20:34:33.462 [main] ERROR Main - Input length = 1
2023-34-03 20:34:33.462 [main] ERROR Main - Input length = 1
2023-34-03 20:34:33.462 [main] ERROR Main - Input length = 1
2023-34-03 20:34:33.462 [main] ERROR Main - Input length = 1
2023-34-03 20:34:33.462 [main] ERROR Main - Input length = 1
2023-34-03 20:34:33.462 [main] ERROR Main - Input length = 1
2023-34-03 20:34:33.463 [main] ERROR Main - Input length = 1
2023-34-03 20:34:33.463 [main] ERROR Main - Input length = 1
2023-34-03 20:34:33.463 [main] ERROR Main - Input length = 1
2023-34-03 20:34:33.463 [main] ERROR Main - Input length = 1
2023-34-03 20:34:33.463 [main] ERROR Main - Input length = 1
2023-34-03 20:34:33.463 [main] ERROR Main - Input length = 1
2023-34-03 20:34:33.463 [main] ERROR Main - Input length = 1
2023-34-03 20:34:33.464 [main] ERROR Main - Input length = 1
2023-34-03 20:34:33.464 [main] ERROR Main - Input length = 1
2023-34-03 20:34:33.464 [main] ERROR Main - Input length = 1
2023-34-03 20:34:33.464 [main] ERROR Main - Input length = 1
2023-34-03 20:34:33.465 [main] ERROR Main - Input length = 1
2023-34-03 20:34:33.465 [main] ERROR Main - Input length = 1
2023-34-03 20:34:33.465 [main] ERROR Main - Input length = 1
2023-34-03 20:34:33.465 [main] ERROR Main - Input length = 1
2023-34-03 20:34:33.465 [main] ERROR Main - Input length = 1
2023-34-03 20:34:33.466 [main] ERROR Main - Input length = 1
2023-34-03 20:34:33.466 [main] ERROR Main - Input length = 1
2023-34-03 20:34:33.466 [main] ERROR Main - Input length = 1
2023-34-03 20:34:33.466 [main] ERROR Main - Input length = 1
2023-34-03 20:34:33.466 [main] ERROR Main - Input length = 1
2023-34-03 20:34:33.466 [main] ERROR Main - Input length = 1
2023-34-03 20:34:33.467 [main] ERROR Main - Input length = 1
2023-34-03 20:34:33.467 [main] ERROR Main - Input length = 1
2023-34-03 20:34:33.467 [main] ERROR Main - Input length = 1
2023-34-03 20:34:33.467 [main] ERROR Main - Input length = 1
2023-34-03 20:34:33.467 [main] ERROR Main - Input length = 1
2023-34-03 20:34:33.468 [main] ERROR Main - Input length = 1
2023-34-03 20:34:33.468 [main] ERROR Main - Input length = 1
2023-34-03 20:34:33.468 [main] ERROR Main - Input length = 1
2023-34-03 20:34:33.469 [main] ERROR Main - Input length = 1
2023-34-03 20:34:33.469 [main] ERROR Main - Input length = 1
2023-34-03 20:34:33.469 [main] ERROR Main - Input length = 1
2023-34-03 20:34:33.469 [main] ERROR Main - Input length = 1
2023-34-03 20:34:33.469 [main] ERROR Main - Input length = 1
2023-34-03 20:34:33.469 [main] ERROR Main - Input length = 1
2023-34-03 20:34:33.469 [main] ERROR Main - Input length = 1
2023-34-03 20:34:33.469 [main] ERROR Main - Input length = 1
2023-34-03 20:34:33.469 [main] ERROR Main - Input length = 1
2023-34-03 20:34:33.470 [main] ERROR Main - Input length = 1
2023-34-03 20:34:33.470 [main] ERROR Main - Input length = 1
2023-34-03 20:34:33.470 [main] ERROR Main - Input length = 1
2023-34-03 20:34:33.470 [main] ERROR Main - Input length = 1
2023-34-03 20:34:33.470 [main] ERROR Main - Input length = 1
2023-34-03 20:34:33.470 [main] ERROR Main - Input length = 1
2023-34-03 20:34:33.470 [main] ERROR Main - Input length = 1
2023-34-03 20:34:33.471 [main] ERROR Main - Input length = 1
2023-34-03 20:34:33.471 [main] ERROR Main - Input length = 1
2023-34-03 20:34:33.472 [main] ERROR Main - Input length = 1
2023-34-03 20:34:33.472 [main] ERROR Main - Input length = 1
2023-34-03 20:34:33.472 [main] ERROR Main - Input length = 1
2023-34-03 20:34:33.472 [main] ERROR Main - Input length = 1
2023-34-03 20:34:33.472 [main] ERROR Main - Input length = 1
2023-34-03 20:34:33.472 [main] ERROR Main - Input length = 1
2023-34-03 20:34:33.473 [main] ERROR Main - Input length = 2
2023-34-03 20:34:33.473 [main] ERROR Main - Input length = 1
2023-34-03 20:34:33.473 [main] ERROR Main - Input length = 1
2023-34-03 20:34:33.473 [main] ERROR Main - Input length = 1
2023-34-03 20:34:33.473 [main] ERROR Main - Input length = 1
2023-34-03 20:34:33.473 [main] ERROR Main - Input length = 1
2023-34-03 20:34:33.473 [main] ERROR Main - Input length = 1
2023-34-03 20:34:33.473 [main] ERROR Main - Input length = 1
2023-34-03 20:34:33.473 [main] ERROR Main - Input length = 1
2023-34-03 20:34:33.474 [main] ERROR Main - Input length = 1
2023-34-03 20:34:33.474 [main] ERROR Main - Input length = 1
2023-34-03 20:34:33.474 [main] ERROR Main - Input length = 1
2023-34-03 20:34:33.474 [main] ERROR Main - Input length = 1
2023-34-03 20:34:33.474 [main] ERROR Main - Input length = 1
2023-34-03 20:34:33.474 [main] ERROR Main - Input length = 1
2023-34-03 20:34:33.474 [main] ERROR Main - Input length = 1
2023-34-03 20:34:33.475 [main] ERROR Main - Input length = 1
2023-34-03 20:34:33.475 [main] ERROR Main - Input length = 1
2023-34-03 20:34:33.476 [main] ERROR Main - Input length = 1
2023-34-03 20:34:33.476 [main] ERROR Main - Input length = 1
2023-34-03 20:34:33.476 [main] ERROR Main - Input length = 1
2023-34-03 20:34:33.476 [main] ERROR Main - Input length = 1
2023-34-03 20:34:33.476 [main] ERROR Main - Input length = 1
2023-34-03 20:34:33.476 [main] ERROR Main - Input length = 1
2023-34-03 20:34:33.476 [main] ERROR Main - Input length = 1
2023-34-03 20:34:33.476 [main] ERROR Main - Input length = 1
2023-34-03 20:34:33.476 [main] ERROR Main - Input length = 1
2023-34-03 20:34:33.477 [main] ERROR Main - Input length = 1
2023-34-03 20:34:33.477 [main] ERROR Main - Input length = 1
2023-34-03 20:34:33.477 [main] ERROR Main - Input length = 1
2023-34-03 20:34:33.477 [main] ERROR Main - Input length = 2
2023-34-03 20:34:33.477 [main] ERROR Main - Input length = 1
2023-34-03 20:34:33.477 [main] ERROR Main - Input length = 1
2023-34-03 20:34:33.478 [main] ERROR Main - Input length = 1
2023-34-03 20:34:33.478 [main] ERROR Main - Input length = 1
2023-34-03 20:34:33.478 [main] ERROR Main - Input length = 1
2023-34-03 20:34:33.478 [main] ERROR Main - Input length = 1
2023-34-03 20:34:33.484 [main] ERROR Main - Input length = 1
